[0.021s] Invoking command in '/home/milo/Documents/andesrobot-nlp/btcpp_sample/build/btcpp_sample': CMAKE_PREFIX_PATH=/opt/ros/humble /usr/bin/cmake --build /home/milo/Documents/andesrobot-nlp/btcpp_sample/build/btcpp_sample -- -j6 -l6
[0.134s] [ 50%] [32mBuilding CXX object CMakeFiles/btcpp_sample.dir/main.cpp.o[0m
[2.013s] [01m[K/home/milo/Documents/andesrobot-nlp/btcpp_sample/main.cpp:26:51:[m[K [01;31m[Kerror: [m[Kâ€˜[01m[KNodeConfig[m[Kâ€™ in namespace â€˜[01m[KBT[m[Kâ€™ does not name a type
[2.013s]    26 |   SaySomething(const std::string& name, const BT::[01;31m[KNodeConfig[m[K& config) :
[2.013s]       |                                                   [01;31m[K^~~~~~~~~~[m[K
[2.014s] [01m[K/home/milo/Documents/andesrobot-nlp/btcpp_sample/main.cpp:[m[K In constructor â€˜[01m[KSaySomething::SaySomething(const string&, const int&)[m[Kâ€™:
[2.014s] [01m[K/home/milo/Documents/andesrobot-nlp/btcpp_sample/main.cpp:27:40:[m[K [01;31m[Kerror: [m[Kno matching function for call to â€˜[01m[KBT::SyncActionNode::SyncActionNode(const string&, const int&)[m[Kâ€™
[2.014s]    27 |         BT::SyncActionNode(name, config[01;31m[K)[m[K
[2.014s]       |                                        [01;31m[K^[m[K
[2.014s] In file included from [01m[K/opt/ros/humble/include/behaviortree_cpp_v3/behavior_tree.h:28[m[K,
[2.014s]                  from [01m[K/opt/ros/humble/include/behaviortree_cpp_v3/bt_factory.h:25[m[K,
[2.014s]                  from [01m[K/home/milo/Documents/andesrobot-nlp/btcpp_sample/main.cpp:1[m[K:
[2.014s] [01m[K/opt/ros/humble/include/behaviortree_cpp_v3/action_node.h:55:3:[m[K [01;36m[Knote: [m[Kcandidate: â€˜[01m[KBT::SyncActionNode::SyncActionNode(const string&, const BT::NodeConfiguration&)[m[Kâ€™
[2.015s]    55 |   [01;36m[KSyncActionNode[m[K(const std::string& name, const NodeConfiguration& config);
[2.015s]       |   [01;36m[K^~~~~~~~~~~~~~[m[K
[2.015s] [01m[K/opt/ros/humble/include/behaviortree_cpp_v3/action_node.h:55:68:[m[K [01;36m[Knote: [m[K  no known conversion for argument 2 from â€˜[01m[Kconst int[m[Kâ€™ to â€˜[01m[Kconst BT::NodeConfiguration&[m[Kâ€™
[2.015s]    55 | ncActionNode(const std::string& name, [01;36m[Kconst NodeConfiguration& config[m[K);
[2.015s]       |                                       [01;36m[K~~~~~~~~~~~~~~~~~~~~~~~~~^~~~~~[m[K
[2.015s] 
[2.015s] [01m[K/home/milo/Documents/andesrobot-nlp/btcpp_sample/main.cpp:[m[K At global scope:
[2.016s] [01m[K/home/milo/Documents/andesrobot-nlp/btcpp_sample/main.cpp:47:53:[m[K [01;31m[Kerror: [m[Kâ€˜[01m[KNodeConfig[m[Kâ€™ in namespace â€˜[01m[KBT[m[Kâ€™ does not name a type
[2.016s]    47 |   ThinkWhatToSay(const std::string& name, const BT::[01;31m[KNodeConfig[m[K& config) :
[2.016s]       |                                                     [01;31m[K^~~~~~~~~~[m[K
[2.016s] [01m[K/home/milo/Documents/andesrobot-nlp/btcpp_sample/main.cpp:[m[K In constructor â€˜[01m[KThinkWhatToSay::ThinkWhatToSay(const string&, const int&)[m[Kâ€™:
[2.016s] [01m[K/home/milo/Documents/andesrobot-nlp/btcpp_sample/main.cpp:48:40:[m[K [01;31m[Kerror: [m[Kno matching function for call to â€˜[01m[KBT::SyncActionNode::SyncActionNode(const string&, const int&)[m[Kâ€™
[2.016s]    48 |         BT::SyncActionNode(name, config[01;31m[K)[m[K
[2.017s]       |                                        [01;31m[K^[m[K
[2.017s] In file included from [01m[K/opt/ros/humble/include/behaviortree_cpp_v3/behavior_tree.h:28[m[K,
[2.017s]                  from [01m[K/opt/ros/humble/include/behaviortree_cpp_v3/bt_factory.h:25[m[K,
[2.017s]                  from [01m[K/home/milo/Documents/andesrobot-nlp/btcpp_sample/main.cpp:1[m[K:
[2.017s] [01m[K/opt/ros/humble/include/behaviortree_cpp_v3/action_node.h:55:3:[m[K [01;36m[Knote: [m[Kcandidate: â€˜[01m[KBT::SyncActionNode::SyncActionNode(const string&, const BT::NodeConfiguration&)[m[Kâ€™
[2.018s]    55 |   [01;36m[KSyncActionNode[m[K(const std::string& name, const NodeConfiguration& config);
[2.018s]       |   [01;36m[K^~~~~~~~~~~~~~[m[K
[2.018s] [01m[K/opt/ros/humble/include/behaviortree_cpp_v3/action_node.h:55:68:[m[K [01;36m[Knote: [m[K  no known conversion for argument 2 from â€˜[01m[Kconst int[m[Kâ€™ to â€˜[01m[Kconst BT::NodeConfiguration&[m[Kâ€™
[2.018s]    55 | ncActionNode(const std::string& name, [01;36m[Kconst NodeConfiguration& config[m[K);
[2.018s]       |                                       [01;36m[K~~~~~~~~~~~~~~~~~~~~~~~~~^~~~~~[m[K
[2.018s] 
[2.021s] [01m[K/home/milo/Documents/andesrobot-nlp/btcpp_sample/main.cpp:[m[K In function â€˜[01m[Kint main()[m[Kâ€™:
[2.021s] [01m[K/home/milo/Documents/andesrobot-nlp/btcpp_sample/main.cpp:73:8:[m[K [01;31m[Kerror: [m[Kâ€˜[01m[Kclass BT::Tree[m[Kâ€™ has no member named â€˜[01m[KtickWhileRunning[m[Kâ€™; did you mean â€˜[01m[KtickRootWhileRunning[m[Kâ€™?
[2.021s]    73 |   tree.[01;31m[KtickWhileRunning[m[K();
[2.021s]       |        [01;31m[K^~~~~~~~~~~~~~~~[m[K
[2.021s]       |        [32m[KtickRootWhileRunning[m[K
[2.161s] In file included from [01m[K/home/milo/Documents/andesrobot-nlp/btcpp_sample/main.cpp:1[m[K:
[2.162s] /opt/ros/humble/include/behaviortree_cpp_v3/bt_factory.h: In instantiation of â€˜[01m[Kvoid BT::BehaviorTreeFactory::registerNodeType(const string&) [with T = SaySomething; std::string = std::__cxx11::basic_string<char>][m[Kâ€™:
[2.162s] [01m[K/home/milo/Documents/andesrobot-nlp/btcpp_sample/main.cpp:68:41:[m[K   required from here
[2.162s] [01m[K/opt/ros/humble/include/behaviortree_cpp_v3/bt_factory.h:385:41:[m[K [01;31m[Kerror: [m[Kstatic assertion failed: [registerNode]: the registered class must have at least one of these two constructors:   (const std::string&, const NodeConfiguration&) or (const std::string&).
[2.162s] Check also if the constructor is public!
[2.162s]   385 |     static_assert([01;31m[Kdefault_constructable || param_constructable[m[K, "[registerNode]: the "
[2.162s]       |                   [01;31m[K~~~~~~~~~~~~~~~~~~~~~~^~~~~~~~~~~~~~~~~~~~~~[m[K
[2.162s] [01m[K/opt/ros/humble/include/behaviortree_cpp_v3/bt_factory.h:385:41:[m[K [01;36m[Knote: [m[Kâ€˜[01m[K(((bool)default_constructable) || ((bool)param_constructable))[m[Kâ€™ evaluates to false
[2.163s] [01m[K/opt/ros/humble/include/behaviortree_cpp_v3/bt_factory.h:407:19:[m[K [01;31m[Kerror: [m[Kstatic assertion failed: [registerNode]: since you have a static method providedPorts(), you MUST add a constructor sign signature (const std::string&, const NodeParameters&)
[2.163s] 
[2.163s]   407 |     static_assert([01;31m[K!(has_static_ports_list && !param_constructable)[m[K, "[registerNode]: "
[2.163s]       |                   [01;31m[K^~~~~~~~~~~~~~~~~~~~~~~~~~~~~~~~~~~~~~~~~~~~~~~~[m[K
[2.163s] [01m[K/opt/ros/humble/include/behaviortree_cpp_v3/bt_factory.h:407:19:[m[K [01;36m[Knote: [m[Kâ€˜[01m[K((!(bool)has_static_ports_list) || ((bool)param_constructable))[m[Kâ€™ evaluates to false
[2.164s] [01m[K/opt/ros/humble/include/behaviortree_cpp_v3/bt_factory.h:418:60:[m[K [01;31m[Kerror: [m[Kno matching function for call to â€˜[01m[KCreateBuilder<SaySomething>()[m[Kâ€™
[2.164s]   418 |     registerBuilder(CreateManifest<T>(ID), [01;31m[KCreateBuilder<T>()[m[K);
[2.164s]       |                                            [01;31m[K~~~~~~~~~~~~~~~~^~[m[K
[2.164s] In file included from [01m[K/home/milo/Documents/andesrobot-nlp/btcpp_sample/main.cpp:1[m[K:
[2.164s] [01m[K/opt/ros/humble/include/behaviortree_cpp_v3/bt_factory.h:43:1:[m[K [01;36m[Knote: [m[Kcandidate: â€˜[01m[Ktemplate<class T> BT::NodeBuilder BT::CreateBuilder(typename std::enable_if<(std::is_constructible<T, const std::__cxx11::basic_string<char, std::char_traits<char>, std::allocator<char> >&>::value && std::is_constructible<T, const std::__cxx11::basic_string<char, std::char_traits<char>, std::allocator<char> >&, const BT::NodeConfiguration&>::value)>::type*)[m[Kâ€™
[2.165s]    43 | [01;36m[KCreateBuilder[m[K(typename std::enable_if<has_default_constructor<T>::value &&
[2.165s]       | [01;36m[K^~~~~~~~~~~~~[m[K
[2.165s] [01m[K/opt/ros/humble/include/behaviortree_cpp_v3/bt_factory.h:43:1:[m[K [01;36m[Knote: [m[K  template argument deduction/substitution failed:
[2.165s] /opt/ros/humble/include/behaviortree_cpp_v3/bt_factory.h: In substitution of â€˜[01m[Ktemplate<class T> BT::NodeBuilder BT::CreateBuilder(typename std::enable_if<(std::is_constructible<T, const std::__cxx11::basic_string<char, std::char_traits<char>, std::allocator<char> >&>::value && std::is_constructible<T, const std::__cxx11::basic_string<char, std::char_traits<char>, std::allocator<char> >&, const BT::NodeConfiguration&>::value)>::type*) [with T = SaySomething][m[Kâ€™:
[2.165s] [01m[K/opt/ros/humble/include/behaviortree_cpp_v3/bt_factory.h:418:60:[m[K   required from â€˜[01m[Kvoid BT::BehaviorTreeFactory::registerNodeType(const string&) [with T = SaySomething; std::string = std::__cxx11::basic_string<char>][m[Kâ€™
[2.165s] [01m[K/home/milo/Documents/andesrobot-nlp/btcpp_sample/main.cpp:68:41:[m[K   required from here
[2.165s] [01m[K/opt/ros/humble/include/behaviortree_cpp_v3/bt_factory.h:43:1:[m[K [01;31m[Kerror: [m[Kno type named â€˜[01m[Ktype[m[Kâ€™ in â€˜[01m[Kstruct std::enable_if<false, void>[m[Kâ€™
[2.166s] /opt/ros/humble/include/behaviortree_cpp_v3/bt_factory.h: In instantiation of â€˜[01m[Kvoid BT::BehaviorTreeFactory::registerNodeType(const string&) [with T = SaySomething; std::string = std::__cxx11::basic_string<char>][m[Kâ€™:
[2.166s] [01m[K/home/milo/Documents/andesrobot-nlp/btcpp_sample/main.cpp:68:41:[m[K   required from here
[2.166s] [01m[K/opt/ros/humble/include/behaviortree_cpp_v3/bt_factory.h:59:1:[m[K [01;36m[Knote: [m[Kcandidate: â€˜[01m[Ktemplate<class T> BT::NodeBuilder BT::CreateBuilder(typename std::enable_if<((! std::is_constructible<T, const std::__cxx11::basic_string<char, std::char_traits<char>, std::allocator<char> >&>::value) && std::is_constructible<T, const std::__cxx11::basic_string<char, std::char_traits<char>, std::allocator<char> >&, const BT::NodeConfiguration&>::value)>::type*)[m[Kâ€™
[2.166s]    59 | [01;36m[KCreateBuilder[m[K(typename std::enable_if<!has_default_constructor<T>::value &&
[2.166s]       | [01;36m[K^~~~~~~~~~~~~[m[K
[2.166s] [01m[K/opt/ros/humble/include/behaviortree_cpp_v3/bt_factory.h:59:1:[m[K [01;36m[Knote: [m[K  template argument deduction/substitution failed:
[2.166s] /opt/ros/humble/include/behaviortree_cpp_v3/bt_factory.h: In substitution of â€˜[01m[Ktemplate<class T> BT::NodeBuilder BT::CreateBuilder(typename std::enable_if<((! std::is_constructible<T, const std::__cxx11::basic_string<char, std::char_traits<char>, std::allocator<char> >&>::value) && std::is_constructible<T, const std::__cxx11::basic_string<char, std::char_traits<char>, std::allocator<char> >&, const BT::NodeConfiguration&>::value)>::type*) [with T = SaySomething][m[Kâ€™:
[2.166s] [01m[K/opt/ros/humble/include/behaviortree_cpp_v3/bt_factory.h:418:60:[m[K   required from â€˜[01m[Kvoid BT::BehaviorTreeFactory::registerNodeType(const string&) [with T = SaySomething; std::string = std::__cxx11::basic_string<char>][m[Kâ€™
[2.167s] [01m[K/home/milo/Documents/andesrobot-nlp/btcpp_sample/main.cpp:68:41:[m[K   required from here
[2.167s] [01m[K/opt/ros/humble/include/behaviortree_cpp_v3/bt_factory.h:59:1:[m[K [01;31m[Kerror: [m[Kno type named â€˜[01m[Ktype[m[Kâ€™ in â€˜[01m[Kstruct std::enable_if<false, void>[m[Kâ€™
[2.167s] /opt/ros/humble/include/behaviortree_cpp_v3/bt_factory.h: In instantiation of â€˜[01m[Kvoid BT::BehaviorTreeFactory::registerNodeType(const string&) [with T = SaySomething; std::string = std::__cxx11::basic_string<char>][m[Kâ€™:
[2.167s] [01m[K/home/milo/Documents/andesrobot-nlp/btcpp_sample/main.cpp:68:41:[m[K   required from here
[2.167s] [01m[K/opt/ros/humble/include/behaviortree_cpp_v3/bt_factory.h:69:1:[m[K [01;36m[Knote: [m[Kcandidate: â€˜[01m[Ktemplate<class T> BT::NodeBuilder BT::CreateBuilder(typename std::enable_if<(std::is_constructible<T, const std::__cxx11::basic_string<char, std::char_traits<char>, std::allocator<char> >&>::value && (! std::is_constructible<T, const std::__cxx11::basic_string<char, std::char_traits<char>, std::allocator<char> >&, const BT::NodeConfiguration&>::value))>::type*)[m[Kâ€™
[2.167s]    69 | [01;36m[KCreateBuilder[m[K(typename std::enable_if<has_default_constructor<T>::value &&
[2.167s]       | [01;36m[K^~~~~~~~~~~~~[m[K
[2.167s] [01m[K/opt/ros/humble/include/behaviortree_cpp_v3/bt_factory.h:69:1:[m[K [01;36m[Knote: [m[K  template argument deduction/substitution failed:
[2.168s] /opt/ros/humble/include/behaviortree_cpp_v3/bt_factory.h: In substitution of â€˜[01m[Ktemplate<class T> BT::NodeBuilder BT::CreateBuilder(typename std::enable_if<(std::is_constructible<T, const std::__cxx11::basic_string<char, std::char_traits<char>, std::allocator<char> >&>::value && (! std::is_constructible<T, const std::__cxx11::basic_string<char, std::char_traits<char>, std::allocator<char> >&, const BT::NodeConfiguration&>::value))>::type*) [with T = SaySomething][m[Kâ€™:
[2.168s] [01m[K/opt/ros/humble/include/behaviortree_cpp_v3/bt_factory.h:418:60:[m[K   required from â€˜[01m[Kvoid BT::BehaviorTreeFactory::registerNodeType(const string&) [with T = SaySomething; std::string = std::__cxx11::basic_string<char>][m[Kâ€™
[2.168s] [01m[K/home/milo/Documents/andesrobot-nlp/btcpp_sample/main.cpp:68:41:[m[K   required from here
[2.168s] [01m[K/opt/ros/humble/include/behaviortree_cpp_v3/bt_factory.h:69:1:[m[K [01;31m[Kerror: [m[Kno type named â€˜[01m[Ktype[m[Kâ€™ in â€˜[01m[Kstruct std::enable_if<false, void>[m[Kâ€™
[2.168s] In file included from [01m[K/home/milo/Documents/andesrobot-nlp/btcpp_sample/main.cpp:1[m[K:
[2.168s] /opt/ros/humble/include/behaviortree_cpp_v3/bt_factory.h: In instantiation of â€˜[01m[Kvoid BT::BehaviorTreeFactory::registerNodeType(const string&) [with T = ThinkWhatToSay; std::string = std::__cxx11::basic_string<char>][m[Kâ€™:
[2.169s] [01m[K/home/milo/Documents/andesrobot-nlp/btcpp_sample/main.cpp:69:43:[m[K   required from here
[2.169s] [01m[K/opt/ros/humble/include/behaviortree_cpp_v3/bt_factory.h:385:41:[m[K [01;31m[Kerror: [m[Kstatic assertion failed: [registerNode]: the registered class must have at least one of these two constructors:   (const std::string&, const NodeConfiguration&) or (const std::string&).
[2.169s] Check also if the constructor is public!
[2.169s]   385 |     static_assert([01;31m[Kdefault_constructable || param_constructable[m[K, "[registerNode]: the "
[2.169s]       |                   [01;31m[K~~~~~~~~~~~~~~~~~~~~~~^~~~~~~~~~~~~~~~~~~~~~[m[K
[2.169s] [01m[K/opt/ros/humble/include/behaviortree_cpp_v3/bt_factory.h:385:41:[m[K [01;36m[Knote: [m[Kâ€˜[01m[K(((bool)default_constructable) || ((bool)param_constructable))[m[Kâ€™ evaluates to false
[2.169s] [01m[K/opt/ros/humble/include/behaviortree_cpp_v3/bt_factory.h:407:19:[m[K [01;31m[Kerror: [m[Kstatic assertion failed: [registerNode]: since you have a static method providedPorts(), you MUST add a constructor sign signature (const std::string&, const NodeParameters&)
[2.169s] 
[2.170s]   407 |     static_assert([01;31m[K!(has_static_ports_list && !param_constructable)[m[K, "[registerNode]: "
[2.170s]       |                   [01;31m[K^~~~~~~~~~~~~~~~~~~~~~~~~~~~~~~~~~~~~~~~~~~~~~~~[m[K
[2.170s] [01m[K/opt/ros/humble/include/behaviortree_cpp_v3/bt_factory.h:407:19:[m[K [01;36m[Knote: [m[Kâ€˜[01m[K((!(bool)has_static_ports_list) || ((bool)param_constructable))[m[Kâ€™ evaluates to false
[2.170s] [01m[K/opt/ros/humble/include/behaviortree_cpp_v3/bt_factory.h:418:60:[m[K [01;31m[Kerror: [m[Kno matching function for call to â€˜[01m[KCreateBuilder<ThinkWhatToSay>()[m[Kâ€™
[2.170s]   418 |     registerBuilder(CreateManifest<T>(ID), [01;31m[KCreateBuilder<T>()[m[K);
[2.170s]       |                                            [01;31m[K~~~~~~~~~~~~~~~~^~[m[K
[2.170s] In file included from [01m[K/home/milo/Documents/andesrobot-nlp/btcpp_sample/main.cpp:1[m[K:
[2.170s] [01m[K/opt/ros/humble/include/behaviortree_cpp_v3/bt_factory.h:43:1:[m[K [01;36m[Knote: [m[Kcandidate: â€˜[01m[Ktemplate<class T> BT::NodeBuilder BT::CreateBuilder(typename std::enable_if<(std::is_constructible<T, const std::__cxx11::basic_string<char, std::char_traits<char>, std::allocator<char> >&>::value && std::is_constructible<T, const std::__cxx11::basic_string<char, std::char_traits<char>, std::allocator<char> >&, const BT::NodeConfiguration&>::value)>::type*)[m[Kâ€™
[2.171s]    43 | [01;36m[KCreateBuilder[m[K(typename std::enable_if<has_default_constructor<T>::value &&
[2.171s]       | [01;36m[K^~~~~~~~~~~~~[m[K
[2.171s] [01m[K/opt/ros/humble/include/behaviortree_cpp_v3/bt_factory.h:43:1:[m[K [01;36m[Knote: [m[K  template argument deduction/substitution failed:
[2.171s] /opt/ros/humble/include/behaviortree_cpp_v3/bt_factory.h: In substitution of â€˜[01m[Ktemplate<class T> BT::NodeBuilder BT::CreateBuilder(typename std::enable_if<(std::is_constructible<T, const std::__cxx11::basic_string<char, std::char_traits<char>, std::allocator<char> >&>::value && std::is_constructible<T, const std::__cxx11::basic_string<char, std::char_traits<char>, std::allocator<char> >&, const BT::NodeConfiguration&>::value)>::type*) [with T = ThinkWhatToSay][m[Kâ€™:
[2.171s] [01m[K/opt/ros/humble/include/behaviortree_cpp_v3/bt_factory.h:418:60:[m[K   required from â€˜[01m[Kvoid BT::BehaviorTreeFactory::registerNodeType(const string&) [with T = ThinkWhatToSay; std::string = std::__cxx11::basic_string<char>][m[Kâ€™
[2.171s] [01m[K/home/milo/Documents/andesrobot-nlp/btcpp_sample/main.cpp:69:43:[m[K   required from here
[2.171s] [01m[K/opt/ros/humble/include/behaviortree_cpp_v3/bt_factory.h:43:1:[m[K [01;31m[Kerror: [m[Kno type named â€˜[01m[Ktype[m[Kâ€™ in â€˜[01m[Kstruct std::enable_if<false, void>[m[Kâ€™
[2.172s] /opt/ros/humble/include/behaviortree_cpp_v3/bt_factory.h: In instantiation of â€˜[01m[Kvoid BT::BehaviorTreeFactory::registerNodeType(const string&) [with T = ThinkWhatToSay; std::string = std::__cxx11::basic_string<char>][m[Kâ€™:
[2.172s] [01m[K/home/milo/Documents/andesrobot-nlp/btcpp_sample/main.cpp:69:43:[m[K   required from here
[2.172s] [01m[K/opt/ros/humble/include/behaviortree_cpp_v3/bt_factory.h:59:1:[m[K [01;36m[Knote: [m[Kcandidate: â€˜[01m[Ktemplate<class T> BT::NodeBuilder BT::CreateBuilder(typename std::enable_if<((! std::is_constructible<T, const std::__cxx11::basic_string<char, std::char_traits<char>, std::allocator<char> >&>::value) && std::is_constructible<T, const std::__cxx11::basic_string<char, std::char_traits<char>, std::allocator<char> >&, const BT::NodeConfiguration&>::value)>::type*)[m[Kâ€™
[2.172s]    59 | [01;36m[KCreateBuilder[m[K(typename std::enable_if<!has_default_constructor<T>::value &&
[2.172s]       | [01;36m[K^~~~~~~~~~~~~[m[K
[2.172s] [01m[K/opt/ros/humble/include/behaviortree_cpp_v3/bt_factory.h:59:1:[m[K [01;36m[Knote: [m[K  template argument deduction/substitution failed:
[2.172s] /opt/ros/humble/include/behaviortree_cpp_v3/bt_factory.h: In substitution of â€˜[01m[Ktemplate<class T> BT::NodeBuilder BT::CreateBuilder(typename std::enable_if<((! std::is_constructible<T, const std::__cxx11::basic_string<char, std::char_traits<char>, std::allocator<char> >&>::value) && std::is_constructible<T, const std::__cxx11::basic_string<char, std::char_traits<char>, std::allocator<char> >&, const BT::NodeConfiguration&>::value)>::type*) [with T = ThinkWhatToSay][m[Kâ€™:
[2.172s] [01m[K/opt/ros/humble/include/behaviortree_cpp_v3/bt_factory.h:418:60:[m[K   required from â€˜[01m[Kvoid BT::BehaviorTreeFactory::registerNodeType(const string&) [with T = ThinkWhatToSay; std::string = std::__cxx11::basic_string<char>][m[Kâ€™
[2.173s] [01m[K/home/milo/Documents/andesrobot-nlp/btcpp_sample/main.cpp:69:43:[m[K   required from here
[2.173s] [01m[K/opt/ros/humble/include/behaviortree_cpp_v3/bt_factory.h:59:1:[m[K [01;31m[Kerror: [m[Kno type named â€˜[01m[Ktype[m[Kâ€™ in â€˜[01m[Kstruct std::enable_if<false, void>[m[Kâ€™
[2.173s] /opt/ros/humble/include/behaviortree_cpp_v3/bt_factory.h: In instantiation of â€˜[01m[Kvoid BT::BehaviorTreeFactory::registerNodeType(const string&) [with T = ThinkWhatToSay; std::string = std::__cxx11::basic_string<char>][m[Kâ€™:
[2.173s] [01m[K/home/milo/Documents/andesrobot-nlp/btcpp_sample/main.cpp:69:43:[m[K   required from here
[2.173s] [01m[K/opt/ros/humble/include/behaviortree_cpp_v3/bt_factory.h:69:1:[m[K [01;36m[Knote: [m[Kcandidate: â€˜[01m[Ktemplate<class T> BT::NodeBuilder BT::CreateBuilder(typename std::enable_if<(std::is_constructible<T, const std::__cxx11::basic_string<char, std::char_traits<char>, std::allocator<char> >&>::value && (! std::is_constructible<T, const std::__cxx11::basic_string<char, std::char_traits<char>, std::allocator<char> >&, const BT::NodeConfiguration&>::value))>::type*)[m[Kâ€™
[2.173s]    69 | [01;36m[KCreateBuilder[m[K(typename std::enable_if<has_default_constructor<T>::value &&
[2.173s]       | [01;36m[K^~~~~~~~~~~~~[m[K
[2.173s] [01m[K/opt/ros/humble/include/behaviortree_cpp_v3/bt_factory.h:69:1:[m[K [01;36m[Knote: [m[K  template argument deduction/substitution failed:
[2.174s] /opt/ros/humble/include/behaviortree_cpp_v3/bt_factory.h: In substitution of â€˜[01m[Ktemplate<class T> BT::NodeBuilder BT::CreateBuilder(typename std::enable_if<(std::is_constructible<T, const std::__cxx11::basic_string<char, std::char_traits<char>, std::allocator<char> >&>::value && (! std::is_constructible<T, const std::__cxx11::basic_string<char, std::char_traits<char>, std::allocator<char> >&, const BT::NodeConfiguration&>::value))>::type*) [with T = ThinkWhatToSay][m[Kâ€™:
[2.174s] [01m[K/opt/ros/humble/include/behaviortree_cpp_v3/bt_factory.h:418:60:[m[K   required from â€˜[01m[Kvoid BT::BehaviorTreeFactory::registerNodeType(const string&) [with T = ThinkWhatToSay; std::string = std::__cxx11::basic_string<char>][m[Kâ€™
[2.174s] [01m[K/home/milo/Documents/andesrobot-nlp/btcpp_sample/main.cpp:69:43:[m[K   required from here
[2.174s] [01m[K/opt/ros/humble/include/behaviortree_cpp_v3/bt_factory.h:69:1:[m[K [01;31m[Kerror: [m[Kno type named â€˜[01m[Ktype[m[Kâ€™ in â€˜[01m[Kstruct std::enable_if<false, void>[m[Kâ€™
[2.720s] gmake[2]: *** [CMakeFiles/btcpp_sample.dir/build.make:76: CMakeFiles/btcpp_sample.dir/main.cpp.o] Error 1
[2.720s] gmake[1]: *** [CMakeFiles/Makefile2:85: CMakeFiles/btcpp_sample.dir/all] Error 2
[2.720s] gmake: *** [Makefile:101: all] Error 2
[2.732s] Invoked command in '/home/milo/Documents/andesrobot-nlp/btcpp_sample/build/btcpp_sample' returned '2': CMAKE_PREFIX_PATH=/opt/ros/humble /usr/bin/cmake --build /home/milo/Documents/andesrobot-nlp/btcpp_sample/build/btcpp_sample -- -j6 -l6
